# JRE version: OpenJDK Runtime Environment Microsoft-8035246 (17.0.8+7) (build 17.0.8+7-LTS)
# Java VM: OpenJDK 64-Bit Server VM Microsoft-8035246 (17.0.8+7-LTS, mixed mode, sharing, tiered, compressed oops, compressed class ptrs, g1 gc, windows-amd64)
GC Precious Log:
 CPUs: 8 total, 8 available
 Memory: 16240M
 Large Page Support: Disabled
 NUMA Support: Disabled
 Compressed Oops: Enabled (32-bit)
 Heap Region Size: 1M
 Heap Min Capacity: 8M
 Heap Initial Capacity: 254M
 Heap Max Capacity: 2G
 Pre-touch: Disabled
 Parallel Workers: 8
 Concurrent Workers: 2
 Concurrent Refinement Workers: 8
 Periodic GC: Disabled
Heap:
 garbage-first heap   total 335872K, used 213180K [0x0000000080000000, 0x0000000100000000)
  region size 1024K, 8 young (8192K), 4 survivors (4096K)
 Metaspace       used 107599K, committed 108800K, reserved 557056K
  class space    used 14939K, committed 15488K, reserved 425984K
GC Heap History (20 events):
Event: 46.853 GC heap before
{Heap before GC invocations=55 (full 0):
 garbage-first heap   total 232448K, used 190026K [0x0000000080000000, 0x0000000100000000)
  region size 1024K, 52 young (53248K), 7 survivors (7168K)
 Metaspace       used 97904K, committed 98944K, reserved 557056K
  class space    used 13717K, committed 14208K, reserved 425984K
}
Event: 46.889 GC heap after
{Heap after GC invocations=56 (full 0):
 garbage-first heap   total 279552K, used 151926K [0x0000000080000000, 0x0000000100000000)
  region size 1024K, 7 young (7168K), 7 survivors (7168K)
 Metaspace       used 97904K, committed 98944K, reserved 557056K
  class space    used 13717K, committed 14208K, reserved 425984K
}
Event: 49.122 GC heap before
{Heap before GC invocations=56 (full 0):
 garbage-first heap   total 279552K, used 223606K [0x0000000080000000, 0x0000000100000000)
  region size 1024K, 74 young (75776K), 7 survivors (7168K)
 Metaspace       used 98592K, committed 99712K, reserved 557056K
  class space    used 13797K, committed 14336K, reserved 425984K
}
Event: 49.142 GC heap after
{Heap after GC invocations=57 (full 0):
 garbage-first heap   total 279552K, used 171663K [0x0000000080000000, 0x0000000100000000)
  region size 1024K, 10 young (10240K), 10 survivors (10240K)
 Metaspace       used 98592K, committed 99712K, reserved 557056K
  class space    used 13797K, committed 14336K, reserved 425984K
}
Event: 49.729 GC heap before
{Heap before GC invocations=57 (full 0):
 garbage-first heap   total 279552K, used 223887K [0x0000000080000000, 0x0000000100000000)
  region size 1024K, 61 young (62464K), 10 survivors (10240K)
 Metaspace       used 100072K, committed 101184K, reserved 557056K
  class space    used 14008K, committed 14528K, reserved 425984K
}
Event: 49.740 GC heap after
{Heap after GC invocations=58 (full 0):
 garbage-first heap   total 279552K, used 179483K [0x0000000080000000, 0x0000000100000000)
  region size 1024K, 7 young (7168K), 7 survivors (7168K)
 Metaspace       used 100072K, committed 101184K, reserved 557056K
  class space    used 14008K, committed 14528K, reserved 425984K
}
Event: 50.743 GC heap before
{Heap before GC invocations=58 (full 0):
 garbage-first heap   total 279552K, used 227611K [0x0000000080000000, 0x0000000100000000)
  region size 1024K, 54 young (55296K), 7 survivors (7168K)
 Metaspace       used 103175K, committed 104384K, reserved 557056K
  class space    used 14453K, committed 15040K, reserved 425984K
}
Event: 50.791 GC heap after
{Heap after GC invocations=59 (full 0):
 garbage-first heap   total 279552K, used 185182K [0x0000000080000000, 0x0000000100000000)
  region size 1024K, 6 young (6144K), 6 survivors (6144K)
 Metaspace       used 103175K, committed 104384K, reserved 557056K
  class space    used 14453K, committed 15040K, reserved 425984K
}
Event: 52.818 GC heap before
{Heap before GC invocations=59 (full 0):
 garbage-first heap   total 279552K, used 229214K [0x0000000080000000, 0x0000000100000000)
  region size 1024K, 49 young (50176K), 6 survivors (6144K)
 Metaspace       used 103868K, committed 105088K, reserved 557056K
  class space    used 14517K, committed 15104K, reserved 425984K
}
Event: 52.827 GC heap after
{Heap after GC invocations=60 (full 0):
 garbage-first heap   total 279552K, used 190128K [0x0000000080000000, 0x0000000100000000)
  region size 1024K, 6 young (6144K), 6 survivors (6144K)
 Metaspace       used 103868K, committed 105088K, reserved 557056K
  class space    used 14517K, committed 15104K, reserved 425984K
}
Event: 53.171 GC heap before
{Heap before GC invocations=60 (full 0):
 garbage-first heap   total 279552K, used 231088K [0x0000000080000000, 0x0000000100000000)
  region size 1024K, 46 young (47104K), 6 survivors (6144K)
 Metaspace       used 104138K, committed 105344K, reserved 557056K
  class space    used 14535K, committed 15104K, reserved 425984K
}
Event: 53.180 GC heap after
{Heap after GC invocations=61 (full 0):
 garbage-first heap   total 279552K, used 195298K [0x0000000080000000, 0x0000000100000000)
  region size 1024K, 6 young (6144K), 6 survivors (6144K)
 Metaspace       used 104138K, committed 105344K, reserved 557056K
  class space    used 14535K, committed 15104K, reserved 425984K
}
Event: 53.642 GC heap before
{Heap before GC invocations=61 (full 0):
 garbage-first heap   total 279552K, used 238306K [0x0000000080000000, 0x0000000100000000)
  region size 1024K, 44 young (45056K), 6 survivors (6144K)
 Metaspace       used 106623K, committed 107904K, reserved 557056K
  class space    used 14840K, committed 15424K, reserved 425984K
}
Event: 53.651 GC heap after
{Heap after GC invocations=62 (full 0):
 garbage-first heap   total 279552K, used 200651K [0x0000000080000000, 0x0000000100000000)
  region size 1024K, 6 young (6144K), 6 survivors (6144K)
 Metaspace       used 106623K, committed 107904K, reserved 557056K
  class space    used 14840K, committed 15424K, reserved 425984K
}
Event: 53.996 GC heap before
{Heap before GC invocations=62 (full 0):
 garbage-first heap   total 279552K, used 234443K [0x0000000080000000, 0x0000000100000000)
  region size 1024K, 40 young (40960K), 6 survivors (6144K)
 Metaspace       used 106878K, committed 108096K, reserved 557056K
  class space    used 14848K, committed 15424K, reserved 425984K
}
Event: 54.000 GC heap after
{Heap after GC invocations=63 (full 0):
 garbage-first heap   total 279552K, used 202311K [0x0000000080000000, 0x0000000100000000)
  region size 1024K, 2 young (2048K), 2 survivors (2048K)
 Metaspace       used 106878K, committed 108096K, reserved 557056K
  class space    used 14848K, committed 15424K, reserved 425984K
}
Event: 54.482 GC heap before
{Heap before GC invocations=63 (full 0):
 garbage-first heap   total 279552K, used 237127K [0x0000000080000000, 0x0000000100000000)
  region size 1024K, 37 young (37888K), 2 survivors (2048K)
 Metaspace       used 107541K, committed 108736K, reserved 557056K
  class space    used 14939K, committed 15488K, reserved 425984K
}
Event: 54.487 GC heap after
{Heap after GC invocations=64 (full 0):
 garbage-first heap   total 279552K, used 206386K [0x0000000080000000, 0x0000000100000000)
  region size 1024K, 5 young (5120K), 5 survivors (5120K)
 Metaspace       used 107541K, committed 108736K, reserved 557056K
  class space    used 14939K, committed 15488K, reserved 425984K
}
Event: 55.083 GC heap before
{Heap before GC invocations=64 (full 0):
 garbage-first heap   total 279552K, used 238130K [0x0000000080000000, 0x0000000100000000)
  region size 1024K, 37 young (37888K), 5 survivors (5120K)
 Metaspace       used 107580K, committed 108800K, reserved 557056K
  class space    used 14939K, committed 15488K, reserved 425984K
}
Event: 55.102 GC heap after
{Heap after GC invocations=65 (full 0):
 garbage-first heap   total 279552K, used 208889K [0x0000000080000000, 0x0000000100000000)
  region size 1024K, 3 young (3072K), 3 survivors (3072K)
 Metaspace       used 107580K, committed 108800K, reserved 557056K
  class space    used 14939K, committed 15488K, reserved 425984K
}

