# JRE version: OpenJDK Runtime Environment Microsoft-8035246 (17.0.8+7) (build 17.0.8+7-LTS)
# Java VM: OpenJDK 64-Bit Server VM Microsoft-8035246 (17.0.8+7-LTS, mixed mode, sharing, tiered, compressed oops, compressed class ptrs, g1 gc, windows-amd64)
GC Precious Log:
 CPUs: 8 total, 8 available
 Memory: 16240M
 Large Page Support: Disabled
 NUMA Support: Disabled
 Compressed Oops: Enabled (32-bit)
 Heap Region Size: 1M
 Heap Min Capacity: 8M
 Heap Initial Capacity: 254M
 Heap Max Capacity: 2G
 Pre-touch: Disabled
 Parallel Workers: 8
 Concurrent Workers: 2
 Concurrent Refinement Workers: 8
 Periodic GC: Disabled
Heap:
 garbage-first heap   total 342016K, used 236787K [0x0000000080000000, 0x0000000100000000)
  region size 1024K, 43 young (44032K), 7 survivors (7168K)
 Metaspace       used 107678K, committed 108864K, reserved 557056K
  class space    used 14933K, committed 15488K, reserved 425984K
GC Heap History (20 events):
Event: 16.357 GC heap before
{Heap before GC invocations=44 (full 0):
 garbage-first heap   total 171008K, used 131860K [0x0000000080000000, 0x0000000100000000)
  region size 1024K, 47 young (48128K), 3 survivors (3072K)
 Metaspace       used 78015K, committed 78784K, reserved 557056K
  class space    used 10834K, committed 11200K, reserved 425984K
}
Event: 16.362 GC heap after
{Heap after GC invocations=45 (full 0):
 garbage-first heap   total 171008K, used 90053K [0x0000000080000000, 0x0000000100000000)
  region size 1024K, 6 young (6144K), 6 survivors (6144K)
 Metaspace       used 78015K, committed 78784K, reserved 557056K
  class space    used 10834K, committed 11200K, reserved 425984K
}
Event: 16.401 GC heap before
{Heap before GC invocations=45 (full 0):
 garbage-first heap   total 171008K, used 92101K [0x0000000080000000, 0x0000000100000000)
  region size 1024K, 8 young (8192K), 6 survivors (6144K)
 Metaspace       used 78039K, committed 78848K, reserved 557056K
  class space    used 10837K, committed 11200K, reserved 425984K
}
Event: 16.406 GC heap after
{Heap after GC invocations=46 (full 0):
 garbage-first heap   total 171008K, used 90701K [0x0000000080000000, 0x0000000100000000)
  region size 1024K, 1 young (1024K), 1 survivors (1024K)
 Metaspace       used 78039K, committed 78848K, reserved 557056K
  class space    used 10837K, committed 11200K, reserved 425984K
}
Event: 22.247 GC heap before
{Heap before GC invocations=46 (full 0):
 garbage-first heap   total 171008K, used 134733K [0x0000000080000000, 0x0000000100000000)
  region size 1024K, 44 young (45056K), 1 survivors (1024K)
 Metaspace       used 80932K, committed 81664K, reserved 557056K
  class space    used 11243K, committed 11584K, reserved 425984K
}
Event: 22.251 GC heap after
{Heap after GC invocations=47 (full 0):
 garbage-first heap   total 342016K, used 92152K [0x0000000080000000, 0x0000000100000000)
  region size 1024K, 3 young (3072K), 3 survivors (3072K)
 Metaspace       used 80932K, committed 81664K, reserved 557056K
  class space    used 11243K, committed 11584K, reserved 425984K
}
Event: 24.022 GC heap before
{Heap before GC invocations=47 (full 0):
 garbage-first heap   total 342016K, used 233464K [0x0000000080000000, 0x0000000100000000)
  region size 1024K, 140 young (143360K), 3 survivors (3072K)
 Metaspace       used 88076K, committed 88896K, reserved 557056K
  class space    used 12353K, committed 12736K, reserved 425984K
}
Event: 24.033 GC heap after
{Heap after GC invocations=48 (full 0):
 garbage-first heap   total 342016K, used 100282K [0x0000000080000000, 0x0000000100000000)
  region size 1024K, 11 young (11264K), 11 survivors (11264K)
 Metaspace       used 88076K, committed 88896K, reserved 557056K
  class space    used 12353K, committed 12736K, reserved 425984K
}
Event: 26.970 GC heap before
{Heap before GC invocations=48 (full 0):
 garbage-first heap   total 342016K, used 254906K [0x0000000080000000, 0x0000000100000000)
  region size 1024K, 156 young (159744K), 11 survivors (11264K)
 Metaspace       used 94667K, committed 95616K, reserved 557056K
  class space    used 13276K, committed 13696K, reserved 425984K
}
Event: 26.989 GC heap after
{Heap after GC invocations=49 (full 0):
 garbage-first heap   total 342016K, used 130758K [0x0000000080000000, 0x0000000100000000)
  region size 1024K, 20 young (20480K), 20 survivors (20480K)
 Metaspace       used 94667K, committed 95616K, reserved 557056K
  class space    used 13276K, committed 13696K, reserved 425984K
}
Event: 28.685 GC heap before
{Heap before GC invocations=49 (full 0):
 garbage-first heap   total 342016K, used 255686K [0x0000000080000000, 0x0000000100000000)
  region size 1024K, 142 young (145408K), 20 survivors (20480K)
 Metaspace       used 97900K, committed 98880K, reserved 557056K
  class space    used 13722K, committed 14208K, reserved 425984K
}
Event: 28.702 GC heap after
{Heap after GC invocations=50 (full 0):
 garbage-first heap   total 342016K, used 146513K [0x0000000080000000, 0x0000000100000000)
  region size 1024K, 16 young (16384K), 16 survivors (16384K)
 Metaspace       used 97900K, committed 98880K, reserved 557056K
  class space    used 13722K, committed 14208K, reserved 425984K
}
Event: 31.037 GC heap before
{Heap before GC invocations=50 (full 0):
 garbage-first heap   total 342016K, used 262225K [0x0000000080000000, 0x0000000100000000)
  region size 1024K, 126 young (129024K), 16 survivors (16384K)
 Metaspace       used 98826K, committed 99968K, reserved 557056K
  class space    used 13837K, committed 14336K, reserved 425984K
}
Event: 31.059 GC heap after
{Heap after GC invocations=51 (full 0):
 garbage-first heap   total 342016K, used 172029K [0x0000000080000000, 0x0000000100000000)
  region size 1024K, 16 young (16384K), 16 survivors (16384K)
 Metaspace       used 98826K, committed 99968K, reserved 557056K
  class space    used 13837K, committed 14336K, reserved 425984K
}
Event: 33.177 GC heap before
{Heap before GC invocations=51 (full 0):
 garbage-first heap   total 342016K, used 264189K [0x0000000080000000, 0x0000000100000000)
  region size 1024K, 106 young (108544K), 16 survivors (16384K)
 Metaspace       used 103515K, committed 104640K, reserved 557056K
  class space    used 14495K, committed 15040K, reserved 425984K
}
Event: 33.197 GC heap after
{Heap after GC invocations=52 (full 0):
 garbage-first heap   total 342016K, used 184225K [0x0000000080000000, 0x0000000100000000)
  region size 1024K, 11 young (11264K), 11 survivors (11264K)
 Metaspace       used 103515K, committed 104640K, reserved 557056K
  class space    used 14495K, committed 15040K, reserved 425984K
}
Event: 34.207 GC heap before
{Heap before GC invocations=52 (full 0):
 garbage-first heap   total 342016K, used 269217K [0x0000000080000000, 0x0000000100000000)
  region size 1024K, 94 young (96256K), 11 survivors (11264K)
 Metaspace       used 104329K, committed 105536K, reserved 557056K
  class space    used 14553K, committed 15104K, reserved 425984K
}
Event: 34.230 GC heap after
{Heap after GC invocations=53 (full 0):
 garbage-first heap   total 342016K, used 194086K [0x0000000080000000, 0x0000000100000000)
  region size 1024K, 10 young (10240K), 10 survivors (10240K)
 Metaspace       used 104329K, committed 105536K, reserved 557056K
  class space    used 14553K, committed 15104K, reserved 425984K
}
Event: 36.235 GC heap before
{Heap before GC invocations=53 (full 0):
 garbage-first heap   total 342016K, used 278054K [0x0000000080000000, 0x0000000100000000)
  region size 1024K, 88 young (90112K), 10 survivors (10240K)
 Metaspace       used 107378K, committed 108608K, reserved 557056K
  class space    used 14903K, committed 15488K, reserved 425984K
}
Event: 36.251 GC heap after
{Heap after GC invocations=54 (full 0):
 garbage-first heap   total 342016K, used 200947K [0x0000000080000000, 0x0000000100000000)
  region size 1024K, 7 young (7168K), 7 survivors (7168K)
 Metaspace       used 107378K, committed 108608K, reserved 557056K
  class space    used 14903K, committed 15488K, reserved 425984K
}

